<?xml version="1.0" encoding="UTF-8"?>
<!-- Generated by org.testng.reporters.JUnitReportReporter -->
<testsuite name="Org.qsp.TestNGDemo.ReadDataDemo" tests="3" time="0.019" ignored="0" failures="0" timestamp="30 Jul 2020 06:25:17 GMT" skipped="0" hostname="LAPTOP-NOK8DS8U" errors="0">
  <testcase name="m1" time="0.015" classname="Org.qsp.TestNGDemo.ReadDataDemo"/>
  <testcase name="m1" time="0.002" classname="Org.qsp.TestNGDemo.ReadDataDemo"/>
  <testcase name="m1" time="0.002" classname="Org.qsp.TestNGDemo.ReadDataDemo"/>
</testsuite> <!-- Org.qsp.TestNGDemo.ReadDataDemo -->
