<?xml version="1.0" encoding="UTF-8"?>
<!-- Generated by org.testng.reporters.JUnitReportReporter -->
<testsuite name="Org.qsp.TestNGDemo.DemoTestNG" tests="1" time="40.802" ignored="0" failures="0" timestamp="24 Jul 2020 06:15:40 GMT" skipped="0" hostname="LAPTOP-NOK8DS8U" errors="0">
  <testcase name="m1" time="40.802" classname="Org.qsp.TestNGDemo.DemoTestNG"/>
</testsuite> <!-- Org.qsp.TestNGDemo.DemoTestNG -->
