<?xml version="1.0" encoding="UTF-8"?>
<!-- Generated by org.testng.reporters.JUnitReportReporter -->
<testsuite name="Org.qsp.TestNGDemo.DataProvideDemo" tests="1" time="0.000" ignored="0" failures="0" timestamp="30 Jul 2020 05:04:51 GMT" skipped="1" hostname="LAPTOP-NOK8DS8U" errors="0">
  <testcase name="m1" time="0.000" classname="Org.qsp.TestNGDemo.DataProvideDemo">
    <skipped/>
  </testcase> <!-- m1 -->
</testsuite> <!-- Org.qsp.TestNGDemo.DataProvideDemo -->
