<?xml version="1.0" encoding="UTF-8"?>
<!-- Generated by org.testng.reporters.JUnitReportReporter -->
<testsuite name="Org.qsp.TestNGDemo.Demo1" tests="3" time="0.033" ignored="0" failures="0" timestamp="30 Jul 2020 04:19:01 GMT" skipped="0" hostname="LAPTOP-NOK8DS8U" errors="0">
  <testcase name="m1" time="0.004" classname="Org.qsp.TestNGDemo.Demo1"/>
  <testcase name="m2" time="0.027" classname="Org.qsp.TestNGDemo.Demo1"/>
  <testcase name="m3" time="0.002" classname="Org.qsp.TestNGDemo.Demo1"/>
</testsuite> <!-- Org.qsp.TestNGDemo.Demo1 -->
