<?xml version="1.0" encoding="UTF-8"?>
<!-- Generated by org.testng.reporters.JUnitReportReporter -->
<testsuite name="Org.qsp.TestNGDemo.ParallelClass1" tests="1" time="29.342" ignored="0" failures="0" timestamp="31 Jul 2020 05:53:38 GMT" skipped="0" hostname="LAPTOP-NOK8DS8U" errors="0">
  <testcase name="m1" time="29.342" classname="Org.qsp.TestNGDemo.ParallelClass1"/>
</testsuite> <!-- Org.qsp.TestNGDemo.ParallelClass1 -->
