<?xml version="1.0" encoding="UTF-8"?>
<!-- Generated by org.testng.reporters.JUnitReportReporter -->
<testsuite name="Org.qsp.TestNGDemo.AssertDemo" tests="1" time="0.030" ignored="0" failures="0" timestamp="31 Jul 2020 05:03:55 GMT" skipped="0" hostname="LAPTOP-NOK8DS8U" errors="0">
  <testcase name="m1" time="0.030" classname="Org.qsp.TestNGDemo.AssertDemo"/>
</testsuite> <!-- Org.qsp.TestNGDemo.AssertDemo -->
