<?xml version="1.0" encoding="UTF-8"?>
<!-- Generated by org.testng.reporters.JUnitReportReporter -->
<testsuite name="Org.qsp.TestNGDemo.Demo2IP" tests="3" time="0.023" ignored="0" failures="0" timestamp="29 Jul 2020 04:36:26 GMT" skipped="0" hostname="LAPTOP-NOK8DS8U" errors="0">
  <testcase name="m1" time="0.006" classname="Org.qsp.TestNGDemo.Demo2IP"/>
  <testcase name="m2" time="0.015" classname="Org.qsp.TestNGDemo.Demo2IP"/>
  <testcase name="m3" time="0.002" classname="Org.qsp.TestNGDemo.Demo2IP"/>
</testsuite> <!-- Org.qsp.TestNGDemo.Demo2IP -->
