<?xml version="1.0" encoding="UTF-8"?>
<!-- Generated by org.testng.reporters.JUnitReportReporter -->
<testsuite name="Org.qsp.TestNGDemo.Demo2" tests="5" time="0.042" ignored="0" failures="0" timestamp="30 Jul 2020 05:58:17 GMT" skipped="0" hostname="LAPTOP-NOK8DS8U" errors="0">
  <testcase name="m2" time="0.015" classname="Org.qsp.TestNGDemo.Demo2"/>
  <testcase name="m3" time="0.015" classname="Org.qsp.TestNGDemo.Demo2"/>
  <testcase name="m2" time="0.007" classname="Org.qsp.TestNGDemo.Demo2"/>
  <testcase name="m1" time="0.003" classname="Org.qsp.TestNGDemo.Demo2"/>
  <testcase name="m2" time="0.002" classname="Org.qsp.TestNGDemo.Demo2"/>
</testsuite> <!-- Org.qsp.TestNGDemo.Demo2 -->
