<?xml version="1.0" encoding="UTF-8"?>
<!-- Generated by org.testng.reporters.JUnitReportReporter -->
<testsuite name="Org.qsp.TestNGDemo.Demo3" tests="6" time="0.068" ignored="0" failures="0" timestamp="28 Jul 2020 06:05:00 GMT" skipped="0" hostname="LAPTOP-NOK8DS8U" errors="0">
  <testcase name="m1" time="0.020" classname="Org.qsp.TestNGDemo.Demo3"/>
  <testcase name="m3" time="0.010" classname="Org.qsp.TestNGDemo.Demo3"/>
  <testcase name="m6" time="0.001" classname="Org.qsp.TestNGDemo.Demo3"/>
  <testcase name="m5" time="0.005" classname="Org.qsp.TestNGDemo.Demo3"/>
  <testcase name="m4" time="0.023" classname="Org.qsp.TestNGDemo.Demo3"/>
  <testcase name="m2" time="0.009" classname="Org.qsp.TestNGDemo.Demo3"/>
</testsuite> <!-- Org.qsp.TestNGDemo.Demo3 -->
